0 info it worked if it ends with ok
1 verbose cli [ 'C:\\Program Files\\nodejs\\node.exe',
1 verbose cli   'C:\\Program Files\\nodejs\\node_modules\\npm\\bin\\npm-cli.js',
1 verbose cli   'start' ]
2 info using npm@4.1.2
3 info using node@v7.5.0
4 verbose run-script [ 'prestart', 'start', 'poststart' ]
5 info lifecycle angular-quickstart@1.0.0~prestart: angular-quickstart@1.0.0
6 verbose lifecycle angular-quickstart@1.0.0~prestart: unsafe-perm in lifecycle true
7 verbose lifecycle angular-quickstart@1.0.0~prestart: PATH: C:\Program Files\nodejs\node_modules\npm\bin\node-gyp-bin;C:\Users\nherzalla\Documents\GitHub\ProfileX-1\node_modules\.bin;C:\ProgramData\Oracle\Java\javapath;C:\WINDOWS\system32;C:\WINDOWS;C:\WINDOWS\System32\Wbem;C:\WINDOWS\System32\WindowsPowerShell\v1.0\;C:\Program Files\Google\Google Apps Sync\;C:\Program Files\Google\Google Apps Migration\;C:\Program Files (x86)\Microsoft SQL Server\110\Tools\Binn\;C:\Program Files\Microsoft SQL Server\110\Tools\Binn\;C:\Program Files\Microsoft SQL Server\110\DTS\Binn\;C:\Program Files (x86)\Microsoft SQL Server\110\Tools\Binn\ManagementStudio\;C:\Program Files (x86)\Microsoft Visual Studio 10.0\Common7\IDE\PrivateAssemblies\;C:\Program Files (x86)\Microsoft SQL Server\110\DTS\Binn\;C:\Program Files (x86)\Common Files\Acronis\SnapAPI\;C:\Program Files\Microsoft SQL Server\130\Tools\Binn\;C:\Program Files\Microsoft SQL Server\Client SDK\ODBC\130\Tools\Binn\;C:\Program Files (x86)\Microsoft SQL Server\130\Tools\Binn\;C:\Program Files\Microsoft SQL Server\130\DTS\Binn\;C:\Program Files (x86)\Microsoft SQL Server\Client SDK\ODBC\130\Tools\Binn\;C:\Program Files (x86)\Microsoft SQL Server\130\DTS\Binn\;C:\Program Files (x86)\Microsoft SQL Server\130\Tools\Binn\ManagementStudio\;C:\Program Files (x86)\Skype\Phone\;C:\Program Files (x86)\Windows Kits\8.1\Windows Performance Toolkit\;C:\Program Files\dotnet\;C:\Program Files\Git\cmd;C:\Program Files\nodejs\;C:\Program Files (x86)\Microsoft VS Code\bin;C:\Users\nherzalla\AppData\Roaming\npm
8 verbose lifecycle angular-quickstart@1.0.0~prestart: CWD: C:\Users\nherzalla\Documents\GitHub\ProfileX-1
9 silly lifecycle angular-quickstart@1.0.0~prestart: Args: [ '/d /s /c', 'npm run build' ]
10 silly lifecycle angular-quickstart@1.0.0~prestart: Returned: code: 1  signal: null
11 info lifecycle angular-quickstart@1.0.0~prestart: Failed to exec prestart script
12 verbose stack Error: angular-quickstart@1.0.0 prestart: `npm run build`
12 verbose stack Exit status 1
12 verbose stack     at EventEmitter.<anonymous> (C:\Program Files\nodejs\node_modules\npm\lib\utils\lifecycle.js:279:16)
12 verbose stack     at emitTwo (events.js:106:13)
12 verbose stack     at EventEmitter.emit (events.js:192:7)
12 verbose stack     at ChildProcess.<anonymous> (C:\Program Files\nodejs\node_modules\npm\lib\utils\spawn.js:40:14)
12 verbose stack     at emitTwo (events.js:106:13)
12 verbose stack     at ChildProcess.emit (events.js:192:7)
12 verbose stack     at maybeClose (internal/child_process.js:890:16)
12 verbose stack     at Process.ChildProcess._handle.onexit (internal/child_process.js:226:5)
13 verbose pkgid angular-quickstart@1.0.0
14 verbose cwd C:\Users\nherzalla\Documents\GitHub\ProfileX-1
15 error Windows_NT 10.0.10240
16 error argv "C:\\Program Files\\nodejs\\node.exe" "C:\\Program Files\\nodejs\\node_modules\\npm\\bin\\npm-cli.js" "start"
17 error node v7.5.0
18 error npm  v4.1.2
19 error code ELIFECYCLE
20 error angular-quickstart@1.0.0 prestart: `npm run build`
20 error Exit status 1
21 error Failed at the angular-quickstart@1.0.0 prestart script 'npm run build'.
21 error Make sure you have the latest version of node.js and npm installed.
21 error If you do, this is most likely a problem with the angular-quickstart package,
21 error not with npm itself.
21 error Tell the author that this fails on your system:
21 error     npm run build
21 error You can get information on how to open an issue for this project with:
21 error     npm bugs angular-quickstart
21 error Or if that isn't available, you can get their info via:
21 error     npm owner ls angular-quickstart
21 error There is likely additional logging output above.
22 verbose exit [ 1, true ]
